<?xml version="1.0" encoding="UTF-8"?>
<testsuite name="sample.formatPointsTest" tests="2" skipped="0" failures="0" errors="0" timestamp="2022-11-23T05:36:12" hostname="DESKTOP-1KD1DEO" time="0.006">
  <properties/>
  <testcase name="formatPointsDefault()" classname="sample.formatPointsTest" time="0.002"/>
  <testcase name="formatPointsSegmentsParallelOY()" classname="sample.formatPointsTest" time="0.002"/>
  <system-out><![CDATA[]]></system-out>
  <system-err><![CDATA[]]></system-err>
</testsuite>
